22-Jan-2025 11:20:44.529 INFO [main] org.apache.catalina.startup.VersionLoggerListener.log Server version name:   Apache Tomcat/9.0.98
22-Jan-2025 11:20:44.566 INFO [main] org.apache.catalina.startup.VersionLoggerListener.log Server built:          Dec 5 2024 19:50:29 UTC
22-Jan-2025 11:20:44.568 INFO [main] org.apache.catalina.startup.VersionLoggerListener.log Server version number: 9.0.98.0
22-Jan-2025 11:20:44.569 INFO [main] org.apache.catalina.startup.VersionLoggerListener.log OS Name:               Windows 10
22-Jan-2025 11:20:44.571 INFO [main] org.apache.catalina.startup.VersionLoggerListener.log OS Version:            10.0
22-Jan-2025 11:20:44.572 INFO [main] org.apache.catalina.startup.VersionLoggerListener.log Architecture:          amd64
22-Jan-2025 11:20:44.574 INFO [main] org.apache.catalina.startup.VersionLoggerListener.log Java Home:             C:\Program Files\Java\jdk-21
22-Jan-2025 11:20:44.574 INFO [main] org.apache.catalina.startup.VersionLoggerListener.log JVM Version:           21.0.1+12-LTS-29
22-Jan-2025 11:20:44.574 INFO [main] org.apache.catalina.startup.VersionLoggerListener.log JVM Vendor:            Oracle Corporation
22-Jan-2025 11:20:44.576 INFO [main] org.apache.catalina.startup.VersionLoggerListener.log CATALINA_BASE:         A:\Github\BlueScope_Training\Task5\apache-tomcat-9.0.98
22-Jan-2025 11:20:44.577 INFO [main] org.apache.catalina.startup.VersionLoggerListener.log CATALINA_HOME:         A:\Github\BlueScope_Training\Task5\apache-tomcat-9.0.98
22-Jan-2025 11:20:44.657 INFO [main] org.apache.catalina.startup.VersionLoggerListener.log Command line argument: -Dcatalina.home=A:\Github\BlueScope_Training\Task5\apache-tomcat-9.0.98
22-Jan-2025 11:20:44.658 INFO [main] org.apache.catalina.startup.VersionLoggerListener.log Command line argument: -Dcatalina.base=A:\Github\BlueScope_Training\Task5\apache-tomcat-9.0.98
22-Jan-2025 11:20:44.659 INFO [main] org.apache.catalina.startup.VersionLoggerListener.log Command line argument: -Dignore.endorsed.dirs=A:\Github\BlueScope_Training\Task5\apache-tomcat-9.0.98\endorsed
22-Jan-2025 11:20:44.660 INFO [main] org.apache.catalina.startup.VersionLoggerListener.log Command line argument: -Djava.io.tmpdir=A:\Github\BlueScope_Training\Task5\apache-tomcat-9.0.98\temp
22-Jan-2025 11:20:44.660 INFO [main] org.apache.catalina.startup.VersionLoggerListener.log Command line argument: -Djava.util.logging.manager=org.apache.juli.ClassLoaderLogManager
22-Jan-2025 11:20:44.661 INFO [main] org.apache.catalina.startup.VersionLoggerListener.log Command line argument: -Djava.util.logging.config.file=A:\Github\BlueScope_Training\Task5\apache-tomcat-9.0.98\conf\logging.properties
22-Jan-2025 11:20:44.666 INFO [main] org.apache.catalina.startup.VersionLoggerListener.log Command line argument: --add-opens=java.base/java.lang=ALL-UNNAMED
22-Jan-2025 11:20:44.667 INFO [main] org.apache.catalina.startup.VersionLoggerListener.log Command line argument: --add-opens=java.base/java.io=ALL-UNNAMED
22-Jan-2025 11:20:44.671 INFO [main] org.apache.catalina.startup.VersionLoggerListener.log Command line argument: --add-opens=java.base/java.util=ALL-UNNAMED
22-Jan-2025 11:20:44.679 INFO [main] org.apache.catalina.startup.VersionLoggerListener.log Command line argument: --add-opens=java.base/java.util.concurrent=ALL-UNNAMED
22-Jan-2025 11:20:44.680 INFO [main] org.apache.catalina.startup.VersionLoggerListener.log Command line argument: --add-opens=java.rmi/sun.rmi.transport=ALL-UNNAMED
22-Jan-2025 11:20:44.680 INFO [main] org.apache.catalina.startup.VersionLoggerListener.log Command line argument: exit
22-Jan-2025 11:20:44.684 INFO [main] org.apache.catalina.startup.VersionLoggerListener.log Command line argument: abort
22-Jan-2025 11:20:44.685 INFO [main] org.apache.catalina.startup.VersionLoggerListener.log Command line argument: -Xms128m
22-Jan-2025 11:20:44.686 INFO [main] org.apache.catalina.startup.VersionLoggerListener.log Command line argument: -Xmx256m
22-Jan-2025 11:20:44.701 INFO [main] org.apache.catalina.core.AprLifecycleListener.lifecycleEvent Loaded Apache Tomcat Native library [1.3.1] using APR version [1.7.4].
22-Jan-2025 11:20:44.702 INFO [main] org.apache.catalina.core.AprLifecycleListener.lifecycleEvent APR capabilities: IPv6 [true], sendfile [true], accept filters [false], random [true], UDS [true].
22-Jan-2025 11:20:44.702 INFO [main] org.apache.catalina.core.AprLifecycleListener.lifecycleEvent APR/OpenSSL configuration: useAprConnector [false], useOpenSSL [true]
22-Jan-2025 11:20:44.728 INFO [main] org.apache.catalina.core.AprLifecycleListener.initializeSSL OpenSSL successfully initialized [OpenSSL 3.0.14 4 Jun 2024]
22-Jan-2025 11:20:49.202 INFO [main] org.apache.coyote.AbstractProtocol.init Initializing ProtocolHandler ["http-nio-8080"]
22-Jan-2025 11:20:50.251 INFO [main] org.apache.catalina.startup.Catalina.load Server initialization in [6939] milliseconds
22-Jan-2025 11:20:51.657 INFO [main] org.apache.catalina.core.StandardService.startInternal Starting service [Catalina]
22-Jan-2025 11:20:51.800 INFO [main] org.apache.catalina.core.StandardEngine.startInternal Starting Servlet engine: [Apache Tomcat/9.0.98]
22-Jan-2025 11:20:52.261 INFO [main] org.apache.catalina.startup.HostConfig.deployDirectory Deploying web application directory [A:\Github\BlueScope_Training\Task5\apache-tomcat-9.0.98\webapps\docs]
22-Jan-2025 11:21:03.351 WARNING [main] org.apache.catalina.util.SessionIdGeneratorBase.createSecureRandom Creation of SecureRandom instance for session ID generation using [SHA1PRNG] took [103] milliseconds.
22-Jan-2025 11:21:03.787 INFO [main] org.apache.catalina.startup.HostConfig.deployDirectory Deployment of web application directory [A:\Github\BlueScope_Training\Task5\apache-tomcat-9.0.98\webapps\docs] has finished in [11,526] ms
22-Jan-2025 11:21:03.790 INFO [main] org.apache.catalina.startup.HostConfig.deployDirectory Deploying web application directory [A:\Github\BlueScope_Training\Task5\apache-tomcat-9.0.98\webapps\examples]
22-Jan-2025 11:21:10.667 INFO [main] org.apache.catalina.startup.HostConfig.deployDirectory Deployment of web application directory [A:\Github\BlueScope_Training\Task5\apache-tomcat-9.0.98\webapps\examples] has finished in [6,878] ms
22-Jan-2025 11:21:10.669 INFO [main] org.apache.catalina.startup.HostConfig.deployDirectory Deploying web application directory [A:\Github\BlueScope_Training\Task5\apache-tomcat-9.0.98\webapps\host-manager]
22-Jan-2025 11:21:11.114 INFO [main] org.apache.catalina.startup.HostConfig.deployDirectory Deployment of web application directory [A:\Github\BlueScope_Training\Task5\apache-tomcat-9.0.98\webapps\host-manager] has finished in [443] ms
22-Jan-2025 11:21:11.116 INFO [main] org.apache.catalina.startup.HostConfig.deployDirectory Deploying web application directory [A:\Github\BlueScope_Training\Task5\apache-tomcat-9.0.98\webapps\manager]
22-Jan-2025 11:21:11.936 INFO [main] org.apache.catalina.startup.HostConfig.deployDirectory Deployment of web application directory [A:\Github\BlueScope_Training\Task5\apache-tomcat-9.0.98\webapps\manager] has finished in [819] ms
22-Jan-2025 11:21:11.938 INFO [main] org.apache.catalina.startup.HostConfig.deployDirectory Deploying web application directory [A:\Github\BlueScope_Training\Task5\apache-tomcat-9.0.98\webapps\ROOT]
22-Jan-2025 11:21:12.355 INFO [main] org.apache.catalina.startup.HostConfig.deployDirectory Deployment of web application directory [A:\Github\BlueScope_Training\Task5\apache-tomcat-9.0.98\webapps\ROOT] has finished in [416] ms
22-Jan-2025 11:21:12.478 INFO [main] org.apache.coyote.AbstractProtocol.start Starting ProtocolHandler ["http-nio-8080"]
22-Jan-2025 11:21:12.895 INFO [main] org.apache.catalina.startup.Catalina.start Server startup in [22610] milliseconds
22-Jan-2025 11:22:10.668 INFO [Thread-2] org.apache.coyote.AbstractProtocol.pause Pausing ProtocolHandler ["http-nio-8080"]
22-Jan-2025 11:22:10.706 INFO [Thread-2] org.apache.catalina.core.StandardService.stopInternal Stopping service [Catalina]
22-Jan-2025 11:22:10.870 INFO [Thread-2] org.apache.coyote.AbstractProtocol.stop Stopping ProtocolHandler ["http-nio-8080"]
22-Jan-2025 11:22:10.893 INFO [Thread-2] org.apache.coyote.AbstractProtocol.destroy Destroying ProtocolHandler ["http-nio-8080"]
22-Jan-2025 11:34:22.093 INFO [main] org.apache.catalina.startup.VersionLoggerListener.log Server version name:   Apache Tomcat/9.0.98
22-Jan-2025 11:34:22.116 INFO [main] org.apache.catalina.startup.VersionLoggerListener.log Server built:          Dec 5 2024 19:50:29 UTC
22-Jan-2025 11:34:22.118 INFO [main] org.apache.catalina.startup.VersionLoggerListener.log Server version number: 9.0.98.0
22-Jan-2025 11:34:22.119 INFO [main] org.apache.catalina.startup.VersionLoggerListener.log OS Name:               Windows 10
22-Jan-2025 11:34:22.121 INFO [main] org.apache.catalina.startup.VersionLoggerListener.log OS Version:            10.0
22-Jan-2025 11:34:22.122 INFO [main] org.apache.catalina.startup.VersionLoggerListener.log Architecture:          amd64
22-Jan-2025 11:34:22.123 INFO [main] org.apache.catalina.startup.VersionLoggerListener.log Java Home:             C:\Program Files\Java\jdk-21
22-Jan-2025 11:34:22.123 INFO [main] org.apache.catalina.startup.VersionLoggerListener.log JVM Version:           21.0.1+12-LTS-29
22-Jan-2025 11:34:22.124 INFO [main] org.apache.catalina.startup.VersionLoggerListener.log JVM Vendor:            Oracle Corporation
22-Jan-2025 11:34:22.125 INFO [main] org.apache.catalina.startup.VersionLoggerListener.log CATALINA_BASE:         A:\Github\BlueScope_Training\Task5\apache-tomcat-9.0.98
22-Jan-2025 11:34:22.126 INFO [main] org.apache.catalina.startup.VersionLoggerListener.log CATALINA_HOME:         A:\Github\BlueScope_Training\Task5\apache-tomcat-9.0.98
22-Jan-2025 11:34:22.301 INFO [main] org.apache.catalina.startup.VersionLoggerListener.log Command line argument: -Dcatalina.home=A:\Github\BlueScope_Training\Task5\apache-tomcat-9.0.98
22-Jan-2025 11:34:22.303 INFO [main] org.apache.catalina.startup.VersionLoggerListener.log Command line argument: -Dcatalina.base=A:\Github\BlueScope_Training\Task5\apache-tomcat-9.0.98
22-Jan-2025 11:34:22.304 INFO [main] org.apache.catalina.startup.VersionLoggerListener.log Command line argument: -Dignore.endorsed.dirs=A:\Github\BlueScope_Training\Task5\apache-tomcat-9.0.98\endorsed
22-Jan-2025 11:34:22.304 INFO [main] org.apache.catalina.startup.VersionLoggerListener.log Command line argument: -Djava.io.tmpdir=A:\Github\BlueScope_Training\Task5\apache-tomcat-9.0.98\temp
22-Jan-2025 11:34:22.304 INFO [main] org.apache.catalina.startup.VersionLoggerListener.log Command line argument: -Djava.util.logging.manager=org.apache.juli.ClassLoaderLogManager
22-Jan-2025 11:34:22.308 INFO [main] org.apache.catalina.startup.VersionLoggerListener.log Command line argument: -Djava.util.logging.config.file=A:\Github\BlueScope_Training\Task5\apache-tomcat-9.0.98\conf\logging.properties
22-Jan-2025 11:34:22.308 INFO [main] org.apache.catalina.startup.VersionLoggerListener.log Command line argument: --add-opens=java.base/java.lang=ALL-UNNAMED
22-Jan-2025 11:34:22.309 INFO [main] org.apache.catalina.startup.VersionLoggerListener.log Command line argument: --add-opens=java.base/java.io=ALL-UNNAMED
22-Jan-2025 11:34:22.310 INFO [main] org.apache.catalina.startup.VersionLoggerListener.log Command line argument: --add-opens=java.base/java.util=ALL-UNNAMED
22-Jan-2025 11:34:22.310 INFO [main] org.apache.catalina.startup.VersionLoggerListener.log Command line argument: --add-opens=java.base/java.util.concurrent=ALL-UNNAMED
22-Jan-2025 11:34:22.311 INFO [main] org.apache.catalina.startup.VersionLoggerListener.log Command line argument: --add-opens=java.rmi/sun.rmi.transport=ALL-UNNAMED
22-Jan-2025 11:34:22.311 INFO [main] org.apache.catalina.startup.VersionLoggerListener.log Command line argument: exit
22-Jan-2025 11:34:22.313 INFO [main] org.apache.catalina.startup.VersionLoggerListener.log Command line argument: abort
22-Jan-2025 11:34:22.313 INFO [main] org.apache.catalina.startup.VersionLoggerListener.log Command line argument: -Xms128m
22-Jan-2025 11:34:22.314 INFO [main] org.apache.catalina.startup.VersionLoggerListener.log Command line argument: -Xmx256m
22-Jan-2025 11:34:22.329 INFO [main] org.apache.catalina.core.AprLifecycleListener.lifecycleEvent Loaded Apache Tomcat Native library [1.3.1] using APR version [1.7.4].
22-Jan-2025 11:34:22.329 INFO [main] org.apache.catalina.core.AprLifecycleListener.lifecycleEvent APR capabilities: IPv6 [true], sendfile [true], accept filters [false], random [true], UDS [true].
22-Jan-2025 11:34:22.329 INFO [main] org.apache.catalina.core.AprLifecycleListener.lifecycleEvent APR/OpenSSL configuration: useAprConnector [false], useOpenSSL [true]
22-Jan-2025 11:34:22.352 INFO [main] org.apache.catalina.core.AprLifecycleListener.initializeSSL OpenSSL successfully initialized [OpenSSL 3.0.14 4 Jun 2024]
22-Jan-2025 11:34:32.498 INFO [main] org.apache.coyote.AbstractProtocol.init Initializing ProtocolHandler ["http-nio-8080"]
22-Jan-2025 11:34:32.701 INFO [main] org.apache.catalina.startup.Catalina.load Server initialization in [12104] milliseconds
22-Jan-2025 11:34:33.133 INFO [main] org.apache.catalina.core.StandardService.startInternal Starting service [Catalina]
22-Jan-2025 11:34:33.134 INFO [main] org.apache.catalina.core.StandardEngine.startInternal Starting Servlet engine: [Apache Tomcat/9.0.98]
22-Jan-2025 11:34:33.185 INFO [main] org.apache.catalina.startup.HostConfig.deployDirectory Deploying web application directory [A:\Github\BlueScope_Training\Task5\apache-tomcat-9.0.98\webapps\docs]
22-Jan-2025 11:34:35.338 INFO [main] org.apache.catalina.startup.HostConfig.deployDirectory Deployment of web application directory [A:\Github\BlueScope_Training\Task5\apache-tomcat-9.0.98\webapps\docs] has finished in [2,151] ms
22-Jan-2025 11:34:35.342 INFO [main] org.apache.catalina.startup.HostConfig.deployDirectory Deploying web application directory [A:\Github\BlueScope_Training\Task5\apache-tomcat-9.0.98\webapps\examples]
22-Jan-2025 11:34:38.884 INFO [main] org.apache.catalina.startup.HostConfig.deployDirectory Deployment of web application directory [A:\Github\BlueScope_Training\Task5\apache-tomcat-9.0.98\webapps\examples] has finished in [3,543] ms
22-Jan-2025 11:34:38.887 INFO [main] org.apache.catalina.startup.HostConfig.deployDirectory Deploying web application directory [A:\Github\BlueScope_Training\Task5\apache-tomcat-9.0.98\webapps\host-manager]
22-Jan-2025 11:34:39.313 INFO [main] org.apache.catalina.startup.HostConfig.deployDirectory Deployment of web application directory [A:\Github\BlueScope_Training\Task5\apache-tomcat-9.0.98\webapps\host-manager] has finished in [426] ms
22-Jan-2025 11:34:39.314 INFO [main] org.apache.catalina.startup.HostConfig.deployDirectory Deploying web application directory [A:\Github\BlueScope_Training\Task5\apache-tomcat-9.0.98\webapps\manager]
22-Jan-2025 11:34:39.801 INFO [main] org.apache.catalina.startup.HostConfig.deployDirectory Deployment of web application directory [A:\Github\BlueScope_Training\Task5\apache-tomcat-9.0.98\webapps\manager] has finished in [487] ms
22-Jan-2025 11:34:39.805 INFO [main] org.apache.catalina.startup.HostConfig.deployDirectory Deploying web application directory [A:\Github\BlueScope_Training\Task5\apache-tomcat-9.0.98\webapps\ROOT]
22-Jan-2025 11:34:40.079 INFO [main] org.apache.catalina.startup.HostConfig.deployDirectory Deployment of web application directory [A:\Github\BlueScope_Training\Task5\apache-tomcat-9.0.98\webapps\ROOT] has finished in [274] ms
22-Jan-2025 11:34:40.097 INFO [main] org.apache.coyote.AbstractProtocol.start Starting ProtocolHandler ["http-nio-8080"]
22-Jan-2025 11:34:42.001 INFO [main] org.apache.catalina.startup.Catalina.start Server startup in [9290] milliseconds
22-Jan-2025 11:59:35.870 INFO [http-nio-8080-exec-1] org.apache.coyote.http11.Http11Processor.service Error parsing HTTP request header
 Note: further occurrences of HTTP request parsing errors will be logged at DEBUG level.
	java.lang.IllegalArgumentException: Invalid character found in method name [0x160x030x030x010xa70x010x000x010xa30x030x030x883z>w0x000xe90x080x13C0xc10xf90xa9l0xa90xf5c0x900x08u0xfe0xa5R0xbe0xd30x1e0xd1;&]0x090x0d ]. HTTP method names must be tokens
		at org.apache.coyote.http11.Http11InputBuffer.parseRequestLine(Http11InputBuffer.java:407)
		at org.apache.coyote.http11.Http11Processor.service(Http11Processor.java:269)
		at org.apache.coyote.AbstractProcessorLight.process(AbstractProcessorLight.java:63)
		at org.apache.coyote.AbstractProtocol$ConnectionHandler.process(AbstractProtocol.java:937)
		at org.apache.tomcat.util.net.NioEndpoint$SocketProcessor.doRun(NioEndpoint.java:1791)
		at org.apache.tomcat.util.net.SocketProcessorBase.run(SocketProcessorBase.java:52)
		at org.apache.tomcat.util.threads.ThreadPoolExecutor.runWorker(ThreadPoolExecutor.java:1190)
		at org.apache.tomcat.util.threads.ThreadPoolExecutor$Worker.run(ThreadPoolExecutor.java:659)
		at org.apache.tomcat.util.threads.TaskThread$WrappingRunnable.run(TaskThread.java:63)
		at java.base/java.lang.Thread.run(Thread.java:1583)
22-Jan-2025 12:41:05.470 INFO [Thread-2] org.apache.coyote.AbstractProtocol.pause Pausing ProtocolHandler ["http-nio-8080"]
22-Jan-2025 12:41:05.861 INFO [Thread-2] org.apache.catalina.core.StandardService.stopInternal Stopping service [Catalina]
22-Jan-2025 12:41:07.421 INFO [Thread-2] org.apache.coyote.AbstractProtocol.stop Stopping ProtocolHandler ["http-nio-8080"]
22-Jan-2025 12:41:08.452 WARNING [Thread-2] org.apache.tomcat.util.net.Acceptor.stopMillis The acceptor thread [http-nio-8080-Acceptor] did not stop cleanly
22-Jan-2025 12:41:08.973 INFO [Thread-2] org.apache.coyote.AbstractProtocol.destroy Destroying ProtocolHandler ["http-nio-8080"]
22-Jan-2025 12:48:10.843 INFO [main] org.apache.catalina.startup.VersionLoggerListener.log Server version name:   Apache Tomcat/9.0.98
22-Jan-2025 12:48:10.956 INFO [main] org.apache.catalina.startup.VersionLoggerListener.log Server built:          Dec 5 2024 19:50:29 UTC
22-Jan-2025 12:48:10.958 INFO [main] org.apache.catalina.startup.VersionLoggerListener.log Server version number: 9.0.98.0
22-Jan-2025 12:48:10.959 INFO [main] org.apache.catalina.startup.VersionLoggerListener.log OS Name:               Windows 10
22-Jan-2025 12:48:10.960 INFO [main] org.apache.catalina.startup.VersionLoggerListener.log OS Version:            10.0
22-Jan-2025 12:48:10.962 INFO [main] org.apache.catalina.startup.VersionLoggerListener.log Architecture:          amd64
22-Jan-2025 12:48:10.963 INFO [main] org.apache.catalina.startup.VersionLoggerListener.log Java Home:             C:\Program Files\Java\jdk-21
22-Jan-2025 12:48:10.963 INFO [main] org.apache.catalina.startup.VersionLoggerListener.log JVM Version:           21.0.1+12-LTS-29
22-Jan-2025 12:48:10.963 INFO [main] org.apache.catalina.startup.VersionLoggerListener.log JVM Vendor:            Oracle Corporation
22-Jan-2025 12:48:10.965 INFO [main] org.apache.catalina.startup.VersionLoggerListener.log CATALINA_BASE:         A:\Github\BlueScope_Training\Task5\apache-tomcat-9.0.98
22-Jan-2025 12:48:10.966 INFO [main] org.apache.catalina.startup.VersionLoggerListener.log CATALINA_HOME:         A:\Github\BlueScope_Training\Task5\apache-tomcat-9.0.98
22-Jan-2025 12:48:11.016 INFO [main] org.apache.catalina.startup.VersionLoggerListener.log Command line argument: -Dcatalina.home=A:\Github\BlueScope_Training\Task5\apache-tomcat-9.0.98
22-Jan-2025 12:48:11.017 INFO [main] org.apache.catalina.startup.VersionLoggerListener.log Command line argument: -Dcatalina.base=A:\Github\BlueScope_Training\Task5\apache-tomcat-9.0.98
22-Jan-2025 12:48:11.018 INFO [main] org.apache.catalina.startup.VersionLoggerListener.log Command line argument: -Dignore.endorsed.dirs=A:\Github\BlueScope_Training\Task5\apache-tomcat-9.0.98\endorsed
22-Jan-2025 12:48:11.018 INFO [main] org.apache.catalina.startup.VersionLoggerListener.log Command line argument: -Djava.io.tmpdir=A:\Github\BlueScope_Training\Task5\apache-tomcat-9.0.98\temp
22-Jan-2025 12:48:11.019 INFO [main] org.apache.catalina.startup.VersionLoggerListener.log Command line argument: -Djava.util.logging.manager=org.apache.juli.ClassLoaderLogManager
22-Jan-2025 12:48:11.019 INFO [main] org.apache.catalina.startup.VersionLoggerListener.log Command line argument: -Djava.util.logging.config.file=A:\Github\BlueScope_Training\Task5\apache-tomcat-9.0.98\conf\logging.properties
22-Jan-2025 12:48:11.020 INFO [main] org.apache.catalina.startup.VersionLoggerListener.log Command line argument: --add-opens=java.base/java.lang=ALL-UNNAMED
22-Jan-2025 12:48:11.021 INFO [main] org.apache.catalina.startup.VersionLoggerListener.log Command line argument: --add-opens=java.base/java.io=ALL-UNNAMED
22-Jan-2025 12:48:11.024 INFO [main] org.apache.catalina.startup.VersionLoggerListener.log Command line argument: --add-opens=java.base/java.util=ALL-UNNAMED
22-Jan-2025 12:48:11.025 INFO [main] org.apache.catalina.startup.VersionLoggerListener.log Command line argument: --add-opens=java.base/java.util.concurrent=ALL-UNNAMED
22-Jan-2025 12:48:11.027 INFO [main] org.apache.catalina.startup.VersionLoggerListener.log Command line argument: --add-opens=java.rmi/sun.rmi.transport=ALL-UNNAMED
22-Jan-2025 12:48:11.027 INFO [main] org.apache.catalina.startup.VersionLoggerListener.log Command line argument: exit
22-Jan-2025 12:48:11.027 INFO [main] org.apache.catalina.startup.VersionLoggerListener.log Command line argument: abort
22-Jan-2025 12:48:11.028 INFO [main] org.apache.catalina.startup.VersionLoggerListener.log Command line argument: -Xms128m
22-Jan-2025 12:48:11.028 INFO [main] org.apache.catalina.startup.VersionLoggerListener.log Command line argument: -Xmx256m
22-Jan-2025 12:48:11.040 INFO [main] org.apache.catalina.core.AprLifecycleListener.lifecycleEvent Loaded Apache Tomcat Native library [1.3.1] using APR version [1.7.4].
22-Jan-2025 12:48:11.041 INFO [main] org.apache.catalina.core.AprLifecycleListener.lifecycleEvent APR capabilities: IPv6 [true], sendfile [true], accept filters [false], random [true], UDS [true].
22-Jan-2025 12:48:11.041 INFO [main] org.apache.catalina.core.AprLifecycleListener.lifecycleEvent APR/OpenSSL configuration: useAprConnector [false], useOpenSSL [true]
22-Jan-2025 12:48:11.108 INFO [main] org.apache.catalina.core.AprLifecycleListener.initializeSSL OpenSSL successfully initialized [OpenSSL 3.0.14 4 Jun 2024]
22-Jan-2025 12:48:16.892 INFO [main] org.apache.coyote.AbstractProtocol.init Initializing ProtocolHandler ["http-nio-8080"]
22-Jan-2025 12:48:17.161 SEVERE [main] org.apache.catalina.util.LifecycleBase.handleSubClassException Failed to initialize component [Connector["http-nio-8080"]]
	org.apache.catalina.LifecycleException: Protocol handler initialization failed
		at org.apache.catalina.connector.Connector.initInternal(Connector.java:1027)
		at org.apache.catalina.util.LifecycleBase.init(LifecycleBase.java:122)
		at org.apache.catalina.core.StandardService.initInternal(StandardService.java:525)
		at org.apache.catalina.util.LifecycleBase.init(LifecycleBase.java:122)
		at org.apache.catalina.core.StandardServer.initInternal(StandardServer.java:986)
		at org.apache.catalina.util.LifecycleBase.init(LifecycleBase.java:122)
		at org.apache.catalina.startup.Catalina.load(Catalina.java:690)
		at org.apache.catalina.startup.Catalina.load(Catalina.java:713)
		at java.base/jdk.internal.reflect.DirectMethodHandleAccessor.invoke(DirectMethodHandleAccessor.java:103)
		at java.base/java.lang.reflect.Method.invoke(Method.java:580)
		at org.apache.catalina.startup.Bootstrap.load(Bootstrap.java:302)
		at org.apache.catalina.startup.Bootstrap.main(Bootstrap.java:472)
	Caused by: java.net.BindException: Address already in use: bind
		at java.base/sun.nio.ch.Net.bind0(Native Method)
		at java.base/sun.nio.ch.Net.bind(Net.java:565)
		at java.base/sun.nio.ch.ServerSocketChannelImpl.netBind(ServerSocketChannelImpl.java:344)
		at java.base/sun.nio.ch.ServerSocketChannelImpl.bind(ServerSocketChannelImpl.java:301)
		at org.apache.tomcat.util.net.NioEndpoint.initServerSocket(NioEndpoint.java:268)
		at org.apache.tomcat.util.net.NioEndpoint.bind(NioEndpoint.java:223)
		at org.apache.tomcat.util.net.AbstractEndpoint.bindWithCleanup(AbstractEndpoint.java:1373)
		at org.apache.tomcat.util.net.AbstractEndpoint.init(AbstractEndpoint.java:1386)
		at org.apache.coyote.AbstractProtocol.init(AbstractProtocol.java:663)
		at org.apache.coyote.http11.AbstractHttp11Protocol.init(AbstractHttp11Protocol.java:80)
		at org.apache.catalina.connector.Connector.initInternal(Connector.java:1025)
		... 11 more
22-Jan-2025 12:48:17.167 INFO [main] org.apache.catalina.startup.Catalina.load Server initialization in [11402] milliseconds
22-Jan-2025 12:48:17.617 INFO [main] org.apache.catalina.core.StandardService.startInternal Starting service [Catalina]
22-Jan-2025 12:48:17.618 INFO [main] org.apache.catalina.core.StandardEngine.startInternal Starting Servlet engine: [Apache Tomcat/9.0.98]
22-Jan-2025 12:48:17.721 INFO [main] org.apache.catalina.startup.HostConfig.deployDirectory Deploying web application directory [A:\Github\BlueScope_Training\Task5\apache-tomcat-9.0.98\webapps\docs]
22-Jan-2025 12:48:23.975 INFO [main] org.apache.catalina.startup.HostConfig.deployDirectory Deployment of web application directory [A:\Github\BlueScope_Training\Task5\apache-tomcat-9.0.98\webapps\docs] has finished in [6,251] ms
22-Jan-2025 12:48:23.990 INFO [main] org.apache.catalina.startup.HostConfig.deployDirectory Deploying web application directory [A:\Github\BlueScope_Training\Task5\apache-tomcat-9.0.98\webapps\examples]
22-Jan-2025 12:48:40.191 INFO [main] org.apache.catalina.startup.HostConfig.deployDirectory Deployment of web application directory [A:\Github\BlueScope_Training\Task5\apache-tomcat-9.0.98\webapps\examples] has finished in [16,200] ms
22-Jan-2025 12:48:40.199 INFO [main] org.apache.catalina.startup.HostConfig.deployDirectory Deploying web application directory [A:\Github\BlueScope_Training\Task5\apache-tomcat-9.0.98\webapps\host-manager]
22-Jan-2025 12:48:42.687 INFO [main] org.apache.catalina.startup.HostConfig.deployDirectory Deployment of web application directory [A:\Github\BlueScope_Training\Task5\apache-tomcat-9.0.98\webapps\host-manager] has finished in [2,485] ms
22-Jan-2025 12:48:42.689 INFO [main] org.apache.catalina.startup.HostConfig.deployDirectory Deploying web application directory [A:\Github\BlueScope_Training\Task5\apache-tomcat-9.0.98\webapps\manager]
22-Jan-2025 12:48:44.066 INFO [main] org.apache.catalina.startup.HostConfig.deployDirectory Deployment of web application directory [A:\Github\BlueScope_Training\Task5\apache-tomcat-9.0.98\webapps\manager] has finished in [1,370] ms
22-Jan-2025 12:48:44.072 INFO [main] org.apache.catalina.startup.HostConfig.deployDirectory Deploying web application directory [A:\Github\BlueScope_Training\Task5\apache-tomcat-9.0.98\webapps\ROOT]
22-Jan-2025 12:48:44.648 INFO [main] org.apache.catalina.startup.HostConfig.deployDirectory Deployment of web application directory [A:\Github\BlueScope_Training\Task5\apache-tomcat-9.0.98\webapps\ROOT] has finished in [575] ms
22-Jan-2025 12:48:44.743 INFO [main] org.apache.catalina.startup.Catalina.start Server startup in [27570] milliseconds
22-Jan-2025 13:02:32.164 INFO [Thread-2] org.apache.coyote.AbstractProtocol.pause Pausing ProtocolHandler ["http-nio-8080"]
22-Jan-2025 13:02:32.166 INFO [Thread-2] org.apache.catalina.core.StandardService.stopInternal Stopping service [Catalina]
22-Jan-2025 13:02:32.346 INFO [Thread-2] org.apache.coyote.AbstractProtocol.stop Stopping ProtocolHandler ["http-nio-8080"]
22-Jan-2025 13:02:32.352 INFO [Thread-2] org.apache.coyote.AbstractProtocol.destroy Destroying ProtocolHandler ["http-nio-8080"]
22-Jan-2025 13:20:17.296 INFO [main] org.apache.catalina.startup.VersionLoggerListener.log Server version name:   Apache Tomcat/9.0.98
22-Jan-2025 13:20:17.343 INFO [main] org.apache.catalina.startup.VersionLoggerListener.log Server built:          Dec 5 2024 19:50:29 UTC
22-Jan-2025 13:20:17.345 INFO [main] org.apache.catalina.startup.VersionLoggerListener.log Server version number: 9.0.98.0
22-Jan-2025 13:20:17.346 INFO [main] org.apache.catalina.startup.VersionLoggerListener.log OS Name:               Windows 10
22-Jan-2025 13:20:17.351 INFO [main] org.apache.catalina.startup.VersionLoggerListener.log OS Version:            10.0
22-Jan-2025 13:20:17.362 INFO [main] org.apache.catalina.startup.VersionLoggerListener.log Architecture:          amd64
22-Jan-2025 13:20:17.363 INFO [main] org.apache.catalina.startup.VersionLoggerListener.log Java Home:             C:\Program Files\Java\jdk-21
22-Jan-2025 13:20:17.363 INFO [main] org.apache.catalina.startup.VersionLoggerListener.log JVM Version:           21.0.1+12-LTS-29
22-Jan-2025 13:20:17.363 INFO [main] org.apache.catalina.startup.VersionLoggerListener.log JVM Vendor:            Oracle Corporation
22-Jan-2025 13:20:17.370 INFO [main] org.apache.catalina.startup.VersionLoggerListener.log CATALINA_BASE:         A:\Github\BlueScope_Training\Task5\apache-tomcat-9.0.98
22-Jan-2025 13:20:17.371 INFO [main] org.apache.catalina.startup.VersionLoggerListener.log CATALINA_HOME:         A:\Github\BlueScope_Training\Task5\apache-tomcat-9.0.98
22-Jan-2025 13:20:17.469 INFO [main] org.apache.catalina.startup.VersionLoggerListener.log Command line argument: -Dcatalina.home=A:\Github\BlueScope_Training\Task5\apache-tomcat-9.0.98
22-Jan-2025 13:20:17.470 INFO [main] org.apache.catalina.startup.VersionLoggerListener.log Command line argument: -Dcatalina.base=A:\Github\BlueScope_Training\Task5\apache-tomcat-9.0.98
22-Jan-2025 13:20:17.471 INFO [main] org.apache.catalina.startup.VersionLoggerListener.log Command line argument: -Dignore.endorsed.dirs=A:\Github\BlueScope_Training\Task5\apache-tomcat-9.0.98\endorsed
22-Jan-2025 13:20:17.471 INFO [main] org.apache.catalina.startup.VersionLoggerListener.log Command line argument: -Djava.io.tmpdir=A:\Github\BlueScope_Training\Task5\apache-tomcat-9.0.98\temp
22-Jan-2025 13:20:17.471 INFO [main] org.apache.catalina.startup.VersionLoggerListener.log Command line argument: -Djava.util.logging.manager=org.apache.juli.ClassLoaderLogManager
22-Jan-2025 13:20:17.472 INFO [main] org.apache.catalina.startup.VersionLoggerListener.log Command line argument: -Djava.util.logging.config.file=A:\Github\BlueScope_Training\Task5\apache-tomcat-9.0.98\conf\logging.properties
22-Jan-2025 13:20:17.473 INFO [main] org.apache.catalina.startup.VersionLoggerListener.log Command line argument: --add-opens=java.base/java.lang=ALL-UNNAMED
22-Jan-2025 13:20:17.474 INFO [main] org.apache.catalina.startup.VersionLoggerListener.log Command line argument: --add-opens=java.base/java.io=ALL-UNNAMED
22-Jan-2025 13:20:17.475 INFO [main] org.apache.catalina.startup.VersionLoggerListener.log Command line argument: --add-opens=java.base/java.util=ALL-UNNAMED
22-Jan-2025 13:20:17.477 INFO [main] org.apache.catalina.startup.VersionLoggerListener.log Command line argument: --add-opens=java.base/java.util.concurrent=ALL-UNNAMED
22-Jan-2025 13:20:17.480 INFO [main] org.apache.catalina.startup.VersionLoggerListener.log Command line argument: --add-opens=java.rmi/sun.rmi.transport=ALL-UNNAMED
22-Jan-2025 13:20:17.481 INFO [main] org.apache.catalina.startup.VersionLoggerListener.log Command line argument: exit
22-Jan-2025 13:20:17.482 INFO [main] org.apache.catalina.startup.VersionLoggerListener.log Command line argument: abort
22-Jan-2025 13:20:17.483 INFO [main] org.apache.catalina.startup.VersionLoggerListener.log Command line argument: -Xms128m
22-Jan-2025 13:20:17.484 INFO [main] org.apache.catalina.startup.VersionLoggerListener.log Command line argument: -Xmx256m
22-Jan-2025 13:20:17.505 INFO [main] org.apache.catalina.core.AprLifecycleListener.lifecycleEvent Loaded Apache Tomcat Native library [1.3.1] using APR version [1.7.4].
22-Jan-2025 13:20:17.505 INFO [main] org.apache.catalina.core.AprLifecycleListener.lifecycleEvent APR capabilities: IPv6 [true], sendfile [true], accept filters [false], random [true], UDS [true].
22-Jan-2025 13:20:17.508 INFO [main] org.apache.catalina.core.AprLifecycleListener.lifecycleEvent APR/OpenSSL configuration: useAprConnector [false], useOpenSSL [true]
22-Jan-2025 13:20:17.610 INFO [main] org.apache.catalina.core.AprLifecycleListener.initializeSSL OpenSSL successfully initialized [OpenSSL 3.0.14 4 Jun 2024]
22-Jan-2025 13:20:24.413 INFO [main] org.apache.coyote.AbstractProtocol.init Initializing ProtocolHandler ["http-nio-8080"]
22-Jan-2025 13:20:24.713 SEVERE [main] org.apache.catalina.util.LifecycleBase.handleSubClassException Failed to initialize component [Connector["http-nio-8080"]]
	org.apache.catalina.LifecycleException: Protocol handler initialization failed
		at org.apache.catalina.connector.Connector.initInternal(Connector.java:1027)
		at org.apache.catalina.util.LifecycleBase.init(LifecycleBase.java:122)
		at org.apache.catalina.core.StandardService.initInternal(StandardService.java:525)
		at org.apache.catalina.util.LifecycleBase.init(LifecycleBase.java:122)
		at org.apache.catalina.core.StandardServer.initInternal(StandardServer.java:986)
		at org.apache.catalina.util.LifecycleBase.init(LifecycleBase.java:122)
		at org.apache.catalina.startup.Catalina.load(Catalina.java:690)
		at org.apache.catalina.startup.Catalina.load(Catalina.java:713)
		at java.base/jdk.internal.reflect.DirectMethodHandleAccessor.invoke(DirectMethodHandleAccessor.java:103)
		at java.base/java.lang.reflect.Method.invoke(Method.java:580)
		at org.apache.catalina.startup.Bootstrap.load(Bootstrap.java:302)
		at org.apache.catalina.startup.Bootstrap.main(Bootstrap.java:472)
	Caused by: java.net.BindException: Address already in use: bind
		at java.base/sun.nio.ch.Net.bind0(Native Method)
		at java.base/sun.nio.ch.Net.bind(Net.java:565)
		at java.base/sun.nio.ch.ServerSocketChannelImpl.netBind(ServerSocketChannelImpl.java:344)
		at java.base/sun.nio.ch.ServerSocketChannelImpl.bind(ServerSocketChannelImpl.java:301)
		at org.apache.tomcat.util.net.NioEndpoint.initServerSocket(NioEndpoint.java:268)
		at org.apache.tomcat.util.net.NioEndpoint.bind(NioEndpoint.java:223)
		at org.apache.tomcat.util.net.AbstractEndpoint.bindWithCleanup(AbstractEndpoint.java:1373)
		at org.apache.tomcat.util.net.AbstractEndpoint.init(AbstractEndpoint.java:1386)
		at org.apache.coyote.AbstractProtocol.init(AbstractProtocol.java:663)
		at org.apache.coyote.http11.AbstractHttp11Protocol.init(AbstractHttp11Protocol.java:80)
		at org.apache.catalina.connector.Connector.initInternal(Connector.java:1025)
		... 11 more
22-Jan-2025 13:20:24.717 INFO [main] org.apache.catalina.startup.Catalina.load Server initialization in [12222] milliseconds
22-Jan-2025 13:20:25.229 INFO [main] org.apache.catalina.core.StandardService.startInternal Starting service [Catalina]
22-Jan-2025 13:20:25.230 INFO [main] org.apache.catalina.core.StandardEngine.startInternal Starting Servlet engine: [Apache Tomcat/9.0.98]
22-Jan-2025 13:20:25.329 INFO [main] org.apache.catalina.startup.HostConfig.deployDirectory Deploying web application directory [A:\Github\BlueScope_Training\Task5\apache-tomcat-9.0.98\webapps\docs]
22-Jan-2025 13:20:32.785 INFO [main] org.apache.catalina.startup.HostConfig.deployDirectory Deployment of web application directory [A:\Github\BlueScope_Training\Task5\apache-tomcat-9.0.98\webapps\docs] has finished in [7,453] ms
22-Jan-2025 13:20:32.786 INFO [main] org.apache.catalina.startup.HostConfig.deployDirectory Deploying web application directory [A:\Github\BlueScope_Training\Task5\apache-tomcat-9.0.98\webapps\examples]
22-Jan-2025 13:20:42.100 INFO [main] org.apache.catalina.startup.HostConfig.deployDirectory Deployment of web application directory [A:\Github\BlueScope_Training\Task5\apache-tomcat-9.0.98\webapps\examples] has finished in [9,313] ms
22-Jan-2025 13:20:42.101 INFO [main] org.apache.catalina.startup.HostConfig.deployDirectory Deploying web application directory [A:\Github\BlueScope_Training\Task5\apache-tomcat-9.0.98\webapps\host-manager]
22-Jan-2025 13:20:42.489 INFO [main] org.apache.catalina.startup.HostConfig.deployDirectory Deployment of web application directory [A:\Github\BlueScope_Training\Task5\apache-tomcat-9.0.98\webapps\host-manager] has finished in [387] ms
22-Jan-2025 13:20:42.490 INFO [main] org.apache.catalina.startup.HostConfig.deployDirectory Deploying web application directory [A:\Github\BlueScope_Training\Task5\apache-tomcat-9.0.98\webapps\manager]
22-Jan-2025 13:20:42.887 INFO [main] org.apache.catalina.startup.HostConfig.deployDirectory Deployment of web application directory [A:\Github\BlueScope_Training\Task5\apache-tomcat-9.0.98\webapps\manager] has finished in [397] ms
22-Jan-2025 13:20:42.889 INFO [main] org.apache.catalina.startup.HostConfig.deployDirectory Deploying web application directory [A:\Github\BlueScope_Training\Task5\apache-tomcat-9.0.98\webapps\ROOT]
22-Jan-2025 13:20:43.144 INFO [main] org.apache.catalina.startup.HostConfig.deployDirectory Deployment of web application directory [A:\Github\BlueScope_Training\Task5\apache-tomcat-9.0.98\webapps\ROOT] has finished in [253] ms
22-Jan-2025 13:20:43.187 INFO [main] org.apache.catalina.startup.Catalina.start Server startup in [18461] milliseconds
22-Jan-2025 13:41:00.352 INFO [Thread-2] org.apache.coyote.AbstractProtocol.pause Pausing ProtocolHandler ["http-nio-8080"]
22-Jan-2025 13:41:00.357 INFO [Thread-2] org.apache.catalina.core.StandardService.stopInternal Stopping service [Catalina]
22-Jan-2025 13:41:00.508 INFO [Thread-2] org.apache.coyote.AbstractProtocol.stop Stopping ProtocolHandler ["http-nio-8080"]
22-Jan-2025 13:41:00.513 INFO [Thread-2] org.apache.coyote.AbstractProtocol.destroy Destroying ProtocolHandler ["http-nio-8080"]
22-Jan-2025 14:53:14.060 INFO [main] org.apache.catalina.startup.VersionLoggerListener.log Server version name:   Apache Tomcat/9.0.98
22-Jan-2025 14:53:14.338 INFO [main] org.apache.catalina.startup.VersionLoggerListener.log Server built:          Dec 5 2024 19:50:29 UTC
22-Jan-2025 14:53:14.344 INFO [main] org.apache.catalina.startup.VersionLoggerListener.log Server version number: 9.0.98.0
22-Jan-2025 14:53:14.346 INFO [main] org.apache.catalina.startup.VersionLoggerListener.log OS Name:               Windows 10
22-Jan-2025 14:53:14.348 INFO [main] org.apache.catalina.startup.VersionLoggerListener.log OS Version:            10.0
22-Jan-2025 14:53:14.351 INFO [main] org.apache.catalina.startup.VersionLoggerListener.log Architecture:          amd64
22-Jan-2025 14:53:14.351 INFO [main] org.apache.catalina.startup.VersionLoggerListener.log Java Home:             C:\Program Files\Java\jdk-21
22-Jan-2025 14:53:14.351 INFO [main] org.apache.catalina.startup.VersionLoggerListener.log JVM Version:           21.0.1+12-LTS-29
22-Jan-2025 14:53:14.352 INFO [main] org.apache.catalina.startup.VersionLoggerListener.log JVM Vendor:            Oracle Corporation
22-Jan-2025 14:53:14.354 INFO [main] org.apache.catalina.startup.VersionLoggerListener.log CATALINA_BASE:         A:\Github\BlueScope_Training\Task5\apache-tomcat-9.0.98
22-Jan-2025 14:53:14.354 INFO [main] org.apache.catalina.startup.VersionLoggerListener.log CATALINA_HOME:         A:\Github\BlueScope_Training\Task5\apache-tomcat-9.0.98
22-Jan-2025 14:53:14.528 INFO [main] org.apache.catalina.startup.VersionLoggerListener.log Command line argument: -Dcatalina.home=A:\Github\BlueScope_Training\Task5\apache-tomcat-9.0.98
22-Jan-2025 14:53:14.529 INFO [main] org.apache.catalina.startup.VersionLoggerListener.log Command line argument: -Dcatalina.base=A:\Github\BlueScope_Training\Task5\apache-tomcat-9.0.98
22-Jan-2025 14:53:14.531 INFO [main] org.apache.catalina.startup.VersionLoggerListener.log Command line argument: -Dignore.endorsed.dirs=A:\Github\BlueScope_Training\Task5\apache-tomcat-9.0.98\endorsed
22-Jan-2025 14:53:14.532 INFO [main] org.apache.catalina.startup.VersionLoggerListener.log Command line argument: -Djava.io.tmpdir=A:\Github\BlueScope_Training\Task5\apache-tomcat-9.0.98\temp
22-Jan-2025 14:53:14.533 INFO [main] org.apache.catalina.startup.VersionLoggerListener.log Command line argument: -Djava.util.logging.manager=org.apache.juli.ClassLoaderLogManager
22-Jan-2025 14:53:14.536 INFO [main] org.apache.catalina.startup.VersionLoggerListener.log Command line argument: -Djava.util.logging.config.file=A:\Github\BlueScope_Training\Task5\apache-tomcat-9.0.98\conf\logging.properties
22-Jan-2025 14:53:14.537 INFO [main] org.apache.catalina.startup.VersionLoggerListener.log Command line argument: --add-opens=java.base/java.lang=ALL-UNNAMED
22-Jan-2025 14:53:14.539 INFO [main] org.apache.catalina.startup.VersionLoggerListener.log Command line argument: --add-opens=java.base/java.io=ALL-UNNAMED
22-Jan-2025 14:53:14.545 INFO [main] org.apache.catalina.startup.VersionLoggerListener.log Command line argument: --add-opens=java.base/java.util=ALL-UNNAMED
22-Jan-2025 14:53:14.547 INFO [main] org.apache.catalina.startup.VersionLoggerListener.log Command line argument: --add-opens=java.base/java.util.concurrent=ALL-UNNAMED
22-Jan-2025 14:53:14.547 INFO [main] org.apache.catalina.startup.VersionLoggerListener.log Command line argument: --add-opens=java.rmi/sun.rmi.transport=ALL-UNNAMED
22-Jan-2025 14:53:14.549 INFO [main] org.apache.catalina.startup.VersionLoggerListener.log Command line argument: exit
22-Jan-2025 14:53:14.550 INFO [main] org.apache.catalina.startup.VersionLoggerListener.log Command line argument: abort
22-Jan-2025 14:53:14.551 INFO [main] org.apache.catalina.startup.VersionLoggerListener.log Command line argument: -Xms128m
22-Jan-2025 14:53:14.553 INFO [main] org.apache.catalina.startup.VersionLoggerListener.log Command line argument: -Xmx256m
22-Jan-2025 14:53:14.581 INFO [main] org.apache.catalina.core.AprLifecycleListener.lifecycleEvent Loaded Apache Tomcat Native library [1.3.1] using APR version [1.7.4].
22-Jan-2025 14:53:14.581 INFO [main] org.apache.catalina.core.AprLifecycleListener.lifecycleEvent APR capabilities: IPv6 [true], sendfile [true], accept filters [false], random [true], UDS [true].
22-Jan-2025 14:53:14.583 INFO [main] org.apache.catalina.core.AprLifecycleListener.lifecycleEvent APR/OpenSSL configuration: useAprConnector [false], useOpenSSL [true]
22-Jan-2025 14:53:14.720 INFO [main] org.apache.catalina.core.AprLifecycleListener.initializeSSL OpenSSL successfully initialized [OpenSSL 3.0.14 4 Jun 2024]
22-Jan-2025 14:53:19.790 INFO [main] org.apache.coyote.AbstractProtocol.init Initializing ProtocolHandler ["http-nio-8080"]
22-Jan-2025 14:53:19.931 INFO [main] org.apache.catalina.startup.Catalina.load Server initialization in [8097] milliseconds
22-Jan-2025 14:53:20.403 INFO [main] org.apache.catalina.core.StandardService.startInternal Starting service [Catalina]
22-Jan-2025 14:53:20.407 INFO [main] org.apache.catalina.core.StandardEngine.startInternal Starting Servlet engine: [Apache Tomcat/9.0.98]
22-Jan-2025 14:53:20.445 INFO [main] org.apache.catalina.startup.HostConfig.deployDirectory Deploying web application directory [A:\Github\BlueScope_Training\Task5\apache-tomcat-9.0.98\webapps\docs]
22-Jan-2025 14:53:22.606 WARNING [main] org.apache.catalina.util.SessionIdGeneratorBase.createSecureRandom Creation of SecureRandom instance for session ID generation using [SHA1PRNG] took [333] milliseconds.
22-Jan-2025 14:53:22.780 INFO [main] org.apache.catalina.startup.HostConfig.deployDirectory Deployment of web application directory [A:\Github\BlueScope_Training\Task5\apache-tomcat-9.0.98\webapps\docs] has finished in [2,334] ms
22-Jan-2025 14:53:22.782 INFO [main] org.apache.catalina.startup.HostConfig.deployDirectory Deploying web application directory [A:\Github\BlueScope_Training\Task5\apache-tomcat-9.0.98\webapps\examples]
22-Jan-2025 14:53:26.594 INFO [main] org.apache.catalina.startup.HostConfig.deployDirectory Deployment of web application directory [A:\Github\BlueScope_Training\Task5\apache-tomcat-9.0.98\webapps\examples] has finished in [3,812] ms
22-Jan-2025 14:53:26.595 INFO [main] org.apache.catalina.startup.HostConfig.deployDirectory Deploying web application directory [A:\Github\BlueScope_Training\Task5\apache-tomcat-9.0.98\webapps\host-manager]
22-Jan-2025 14:53:26.908 INFO [main] org.apache.catalina.startup.HostConfig.deployDirectory Deployment of web application directory [A:\Github\BlueScope_Training\Task5\apache-tomcat-9.0.98\webapps\host-manager] has finished in [312] ms
22-Jan-2025 14:53:26.909 INFO [main] org.apache.catalina.startup.HostConfig.deployDirectory Deploying web application directory [A:\Github\BlueScope_Training\Task5\apache-tomcat-9.0.98\webapps\manager]
22-Jan-2025 14:53:27.172 INFO [main] org.apache.catalina.startup.HostConfig.deployDirectory Deployment of web application directory [A:\Github\BlueScope_Training\Task5\apache-tomcat-9.0.98\webapps\manager] has finished in [262] ms
22-Jan-2025 14:53:27.175 INFO [main] org.apache.catalina.startup.HostConfig.deployDirectory Deploying web application directory [A:\Github\BlueScope_Training\Task5\apache-tomcat-9.0.98\webapps\ROOT]
22-Jan-2025 14:53:27.372 INFO [main] org.apache.catalina.startup.HostConfig.deployDirectory Deployment of web application directory [A:\Github\BlueScope_Training\Task5\apache-tomcat-9.0.98\webapps\ROOT] has finished in [195] ms
22-Jan-2025 14:53:27.394 INFO [main] org.apache.coyote.AbstractProtocol.start Starting ProtocolHandler ["http-nio-8080"]
22-Jan-2025 14:53:27.539 INFO [main] org.apache.catalina.startup.Catalina.start Server startup in [7584] milliseconds
22-Jan-2025 15:57:33.722 INFO [Thread-2] org.apache.coyote.AbstractProtocol.pause Pausing ProtocolHandler ["http-nio-8080"]
22-Jan-2025 15:57:33.745 INFO [Thread-2] org.apache.catalina.core.StandardService.stopInternal Stopping service [Catalina]
22-Jan-2025 15:57:33.829 INFO [Thread-2] org.apache.coyote.AbstractProtocol.stop Stopping ProtocolHandler ["http-nio-8080"]
22-Jan-2025 15:57:33.844 INFO [Thread-2] org.apache.coyote.AbstractProtocol.destroy Destroying ProtocolHandler ["http-nio-8080"]
22-Jan-2025 17:08:30.299 INFO [main] org.apache.catalina.startup.VersionLoggerListener.log Server version name:   Apache Tomcat/9.0.98
22-Jan-2025 17:08:30.357 INFO [main] org.apache.catalina.startup.VersionLoggerListener.log Server built:          Dec 5 2024 19:50:29 UTC
22-Jan-2025 17:08:30.358 INFO [main] org.apache.catalina.startup.VersionLoggerListener.log Server version number: 9.0.98.0
22-Jan-2025 17:08:30.359 INFO [main] org.apache.catalina.startup.VersionLoggerListener.log OS Name:               Windows 10
22-Jan-2025 17:08:30.361 INFO [main] org.apache.catalina.startup.VersionLoggerListener.log OS Version:            10.0
22-Jan-2025 17:08:30.371 INFO [main] org.apache.catalina.startup.VersionLoggerListener.log Architecture:          amd64
22-Jan-2025 17:08:30.372 INFO [main] org.apache.catalina.startup.VersionLoggerListener.log Java Home:             C:\Program Files\Java\jdk-21
22-Jan-2025 17:08:30.372 INFO [main] org.apache.catalina.startup.VersionLoggerListener.log JVM Version:           21.0.1+12-LTS-29
22-Jan-2025 17:08:30.372 INFO [main] org.apache.catalina.startup.VersionLoggerListener.log JVM Vendor:            Oracle Corporation
22-Jan-2025 17:08:30.374 INFO [main] org.apache.catalina.startup.VersionLoggerListener.log CATALINA_BASE:         A:\Github\BlueScope_Training\Task5\apache-tomcat-9.0.98
22-Jan-2025 17:08:30.376 INFO [main] org.apache.catalina.startup.VersionLoggerListener.log CATALINA_HOME:         A:\Github\BlueScope_Training\Task5\apache-tomcat-9.0.98
22-Jan-2025 17:08:30.455 INFO [main] org.apache.catalina.startup.VersionLoggerListener.log Command line argument: -Dcatalina.home=A:\Github\BlueScope_Training\Task5\apache-tomcat-9.0.98
22-Jan-2025 17:08:30.457 INFO [main] org.apache.catalina.startup.VersionLoggerListener.log Command line argument: -Dcatalina.base=A:\Github\BlueScope_Training\Task5\apache-tomcat-9.0.98
22-Jan-2025 17:08:30.458 INFO [main] org.apache.catalina.startup.VersionLoggerListener.log Command line argument: -Dignore.endorsed.dirs=A:\Github\BlueScope_Training\Task5\apache-tomcat-9.0.98\endorsed
22-Jan-2025 17:08:30.458 INFO [main] org.apache.catalina.startup.VersionLoggerListener.log Command line argument: -Djava.io.tmpdir=A:\Github\BlueScope_Training\Task5\apache-tomcat-9.0.98\temp
22-Jan-2025 17:08:30.459 INFO [main] org.apache.catalina.startup.VersionLoggerListener.log Command line argument: -Djava.util.logging.manager=org.apache.juli.ClassLoaderLogManager
22-Jan-2025 17:08:30.459 INFO [main] org.apache.catalina.startup.VersionLoggerListener.log Command line argument: -Djava.util.logging.config.file=A:\Github\BlueScope_Training\Task5\apache-tomcat-9.0.98\conf\logging.properties
22-Jan-2025 17:08:30.460 INFO [main] org.apache.catalina.startup.VersionLoggerListener.log Command line argument: --add-opens=java.base/java.lang=ALL-UNNAMED
22-Jan-2025 17:08:30.460 INFO [main] org.apache.catalina.startup.VersionLoggerListener.log Command line argument: --add-opens=java.base/java.io=ALL-UNNAMED
22-Jan-2025 17:08:30.465 INFO [main] org.apache.catalina.startup.VersionLoggerListener.log Command line argument: --add-opens=java.base/java.util=ALL-UNNAMED
22-Jan-2025 17:08:30.465 INFO [main] org.apache.catalina.startup.VersionLoggerListener.log Command line argument: --add-opens=java.base/java.util.concurrent=ALL-UNNAMED
22-Jan-2025 17:08:30.466 INFO [main] org.apache.catalina.startup.VersionLoggerListener.log Command line argument: --add-opens=java.rmi/sun.rmi.transport=ALL-UNNAMED
22-Jan-2025 17:08:30.466 INFO [main] org.apache.catalina.startup.VersionLoggerListener.log Command line argument: exit
22-Jan-2025 17:08:30.466 INFO [main] org.apache.catalina.startup.VersionLoggerListener.log Command line argument: abort
22-Jan-2025 17:08:30.467 INFO [main] org.apache.catalina.startup.VersionLoggerListener.log Command line argument: -Xms128m
22-Jan-2025 17:08:30.467 INFO [main] org.apache.catalina.startup.VersionLoggerListener.log Command line argument: -Xmx256m
22-Jan-2025 17:08:30.480 INFO [main] org.apache.catalina.core.AprLifecycleListener.lifecycleEvent Loaded Apache Tomcat Native library [1.3.1] using APR version [1.7.4].
22-Jan-2025 17:08:30.480 INFO [main] org.apache.catalina.core.AprLifecycleListener.lifecycleEvent APR capabilities: IPv6 [true], sendfile [true], accept filters [false], random [true], UDS [true].
22-Jan-2025 17:08:30.480 INFO [main] org.apache.catalina.core.AprLifecycleListener.lifecycleEvent APR/OpenSSL configuration: useAprConnector [false], useOpenSSL [true]
22-Jan-2025 17:08:30.542 INFO [main] org.apache.catalina.core.AprLifecycleListener.initializeSSL OpenSSL successfully initialized [OpenSSL 3.0.14 4 Jun 2024]
22-Jan-2025 17:08:34.346 INFO [main] org.apache.coyote.AbstractProtocol.init Initializing ProtocolHandler ["http-nio-8080"]
22-Jan-2025 17:08:34.435 INFO [main] org.apache.catalina.startup.Catalina.load Server initialization in [5353] milliseconds
22-Jan-2025 17:08:34.616 INFO [main] org.apache.catalina.core.StandardService.startInternal Starting service [Catalina]
22-Jan-2025 17:08:34.616 INFO [main] org.apache.catalina.core.StandardEngine.startInternal Starting Servlet engine: [Apache Tomcat/9.0.98]
22-Jan-2025 17:08:34.653 INFO [main] org.apache.catalina.startup.HostConfig.deployDirectory Deploying web application directory [A:\Github\BlueScope_Training\Task5\apache-tomcat-9.0.98\webapps\docs]
22-Jan-2025 17:08:37.721 INFO [main] org.apache.catalina.startup.HostConfig.deployDirectory Deployment of web application directory [A:\Github\BlueScope_Training\Task5\apache-tomcat-9.0.98\webapps\docs] has finished in [3,066] ms
22-Jan-2025 17:08:37.724 INFO [main] org.apache.catalina.startup.HostConfig.deployDirectory Deploying web application directory [A:\Github\BlueScope_Training\Task5\apache-tomcat-9.0.98\webapps\examples]
22-Jan-2025 17:08:40.512 INFO [main] org.apache.catalina.startup.HostConfig.deployDirectory Deployment of web application directory [A:\Github\BlueScope_Training\Task5\apache-tomcat-9.0.98\webapps\examples] has finished in [2,789] ms
22-Jan-2025 17:08:40.513 INFO [main] org.apache.catalina.startup.HostConfig.deployDirectory Deploying web application directory [A:\Github\BlueScope_Training\Task5\apache-tomcat-9.0.98\webapps\host-manager]
22-Jan-2025 17:08:40.673 INFO [main] org.apache.catalina.startup.HostConfig.deployDirectory Deployment of web application directory [A:\Github\BlueScope_Training\Task5\apache-tomcat-9.0.98\webapps\host-manager] has finished in [159] ms
22-Jan-2025 17:08:40.674 INFO [main] org.apache.catalina.startup.HostConfig.deployDirectory Deploying web application directory [A:\Github\BlueScope_Training\Task5\apache-tomcat-9.0.98\webapps\manager]
22-Jan-2025 17:08:41.068 INFO [main] org.apache.catalina.startup.HostConfig.deployDirectory Deployment of web application directory [A:\Github\BlueScope_Training\Task5\apache-tomcat-9.0.98\webapps\manager] has finished in [394] ms
22-Jan-2025 17:08:41.071 INFO [main] org.apache.catalina.startup.HostConfig.deployDirectory Deploying web application directory [A:\Github\BlueScope_Training\Task5\apache-tomcat-9.0.98\webapps\ROOT]
22-Jan-2025 17:08:41.195 INFO [main] org.apache.catalina.startup.HostConfig.deployDirectory Deployment of web application directory [A:\Github\BlueScope_Training\Task5\apache-tomcat-9.0.98\webapps\ROOT] has finished in [123] ms
22-Jan-2025 17:08:41.212 INFO [main] org.apache.coyote.AbstractProtocol.start Starting ProtocolHandler ["http-nio-8080"]
22-Jan-2025 17:08:41.327 INFO [main] org.apache.catalina.startup.Catalina.start Server startup in [6886] milliseconds
22-Jan-2025 17:08:51.056 INFO [Thread-2] org.apache.coyote.AbstractProtocol.pause Pausing ProtocolHandler ["http-nio-8080"]
22-Jan-2025 17:08:51.081 INFO [Thread-2] org.apache.catalina.core.StandardService.stopInternal Stopping service [Catalina]
22-Jan-2025 17:08:51.147 INFO [Thread-2] org.apache.coyote.AbstractProtocol.stop Stopping ProtocolHandler ["http-nio-8080"]
22-Jan-2025 17:08:51.181 INFO [Thread-2] org.apache.coyote.AbstractProtocol.destroy Destroying ProtocolHandler ["http-nio-8080"]
22-Jan-2025 17:24:14.017 INFO [main] org.apache.catalina.startup.VersionLoggerListener.log Server version name:   Apache Tomcat/9.0.98
22-Jan-2025 17:24:14.099 INFO [main] org.apache.catalina.startup.VersionLoggerListener.log Server built:          Dec 5 2024 19:50:29 UTC
22-Jan-2025 17:24:14.114 INFO [main] org.apache.catalina.startup.VersionLoggerListener.log Server version number: 9.0.98.0
22-Jan-2025 17:24:14.114 INFO [main] org.apache.catalina.startup.VersionLoggerListener.log OS Name:               Windows 10
22-Jan-2025 17:24:14.115 INFO [main] org.apache.catalina.startup.VersionLoggerListener.log OS Version:            10.0
22-Jan-2025 17:24:14.116 INFO [main] org.apache.catalina.startup.VersionLoggerListener.log Architecture:          amd64
22-Jan-2025 17:24:14.117 INFO [main] org.apache.catalina.startup.VersionLoggerListener.log Java Home:             C:\Program Files\Java\jdk-21
22-Jan-2025 17:24:14.117 INFO [main] org.apache.catalina.startup.VersionLoggerListener.log JVM Version:           21.0.1+12-LTS-29
22-Jan-2025 17:24:14.118 INFO [main] org.apache.catalina.startup.VersionLoggerListener.log JVM Vendor:            Oracle Corporation
22-Jan-2025 17:24:14.118 INFO [main] org.apache.catalina.startup.VersionLoggerListener.log CATALINA_BASE:         A:\Github\BlueScope_Training\Task5\apache-tomcat-9.0.98
22-Jan-2025 17:24:14.119 INFO [main] org.apache.catalina.startup.VersionLoggerListener.log CATALINA_HOME:         A:\Github\BlueScope_Training\Task5\apache-tomcat-9.0.98
22-Jan-2025 17:24:14.186 INFO [main] org.apache.catalina.startup.VersionLoggerListener.log Command line argument: -Dcatalina.home=A:\Github\BlueScope_Training\Task5\apache-tomcat-9.0.98
22-Jan-2025 17:24:14.186 INFO [main] org.apache.catalina.startup.VersionLoggerListener.log Command line argument: -Dcatalina.base=A:\Github\BlueScope_Training\Task5\apache-tomcat-9.0.98
22-Jan-2025 17:24:14.187 INFO [main] org.apache.catalina.startup.VersionLoggerListener.log Command line argument: -Dignore.endorsed.dirs=A:\Github\BlueScope_Training\Task5\apache-tomcat-9.0.98\endorsed
22-Jan-2025 17:24:14.187 INFO [main] org.apache.catalina.startup.VersionLoggerListener.log Command line argument: -Djava.io.tmpdir=A:\Github\BlueScope_Training\Task5\apache-tomcat-9.0.98\temp
22-Jan-2025 17:24:14.187 INFO [main] org.apache.catalina.startup.VersionLoggerListener.log Command line argument: -Djava.util.logging.manager=org.apache.juli.ClassLoaderLogManager
22-Jan-2025 17:24:14.187 INFO [main] org.apache.catalina.startup.VersionLoggerListener.log Command line argument: -Djava.util.logging.config.file=A:\Github\BlueScope_Training\Task5\apache-tomcat-9.0.98\conf\logging.properties
22-Jan-2025 17:24:14.188 INFO [main] org.apache.catalina.startup.VersionLoggerListener.log Command line argument: --add-opens=java.base/java.lang=ALL-UNNAMED
22-Jan-2025 17:24:14.188 INFO [main] org.apache.catalina.startup.VersionLoggerListener.log Command line argument: --add-opens=java.base/java.io=ALL-UNNAMED
22-Jan-2025 17:24:14.189 INFO [main] org.apache.catalina.startup.VersionLoggerListener.log Command line argument: --add-opens=java.base/java.util=ALL-UNNAMED
22-Jan-2025 17:24:14.189 INFO [main] org.apache.catalina.startup.VersionLoggerListener.log Command line argument: --add-opens=java.base/java.util.concurrent=ALL-UNNAMED
22-Jan-2025 17:24:14.189 INFO [main] org.apache.catalina.startup.VersionLoggerListener.log Command line argument: --add-opens=java.rmi/sun.rmi.transport=ALL-UNNAMED
22-Jan-2025 17:24:14.189 INFO [main] org.apache.catalina.startup.VersionLoggerListener.log Command line argument: exit
22-Jan-2025 17:24:14.194 INFO [main] org.apache.catalina.startup.VersionLoggerListener.log Command line argument: abort
22-Jan-2025 17:24:14.194 INFO [main] org.apache.catalina.startup.VersionLoggerListener.log Command line argument: -Xms128m
22-Jan-2025 17:24:14.194 INFO [main] org.apache.catalina.startup.VersionLoggerListener.log Command line argument: -Xmx256m
22-Jan-2025 17:24:14.214 INFO [main] org.apache.catalina.core.AprLifecycleListener.lifecycleEvent Loaded Apache Tomcat Native library [1.3.1] using APR version [1.7.4].
22-Jan-2025 17:24:14.214 INFO [main] org.apache.catalina.core.AprLifecycleListener.lifecycleEvent APR capabilities: IPv6 [true], sendfile [true], accept filters [false], random [true], UDS [true].
22-Jan-2025 17:24:14.215 INFO [main] org.apache.catalina.core.AprLifecycleListener.lifecycleEvent APR/OpenSSL configuration: useAprConnector [false], useOpenSSL [true]
22-Jan-2025 17:24:14.240 INFO [main] org.apache.catalina.core.AprLifecycleListener.initializeSSL OpenSSL successfully initialized [OpenSSL 3.0.14 4 Jun 2024]
22-Jan-2025 17:24:17.838 INFO [main] org.apache.coyote.AbstractProtocol.init Initializing ProtocolHandler ["http-nio-8080"]
22-Jan-2025 17:24:17.907 SEVERE [main] org.apache.catalina.util.LifecycleBase.handleSubClassException Failed to initialize component [Connector["http-nio-8080"]]
	org.apache.catalina.LifecycleException: Protocol handler initialization failed
		at org.apache.catalina.connector.Connector.initInternal(Connector.java:1027)
		at org.apache.catalina.util.LifecycleBase.init(LifecycleBase.java:122)
		at org.apache.catalina.core.StandardService.initInternal(StandardService.java:525)
		at org.apache.catalina.util.LifecycleBase.init(LifecycleBase.java:122)
		at org.apache.catalina.core.StandardServer.initInternal(StandardServer.java:986)
		at org.apache.catalina.util.LifecycleBase.init(LifecycleBase.java:122)
		at org.apache.catalina.startup.Catalina.load(Catalina.java:690)
		at org.apache.catalina.startup.Catalina.load(Catalina.java:713)
		at java.base/jdk.internal.reflect.DirectMethodHandleAccessor.invoke(DirectMethodHandleAccessor.java:103)
		at java.base/java.lang.reflect.Method.invoke(Method.java:580)
		at org.apache.catalina.startup.Bootstrap.load(Bootstrap.java:302)
		at org.apache.catalina.startup.Bootstrap.main(Bootstrap.java:472)
	Caused by: java.net.BindException: Address already in use: bind
		at java.base/sun.nio.ch.Net.bind0(Native Method)
		at java.base/sun.nio.ch.Net.bind(Net.java:565)
		at java.base/sun.nio.ch.ServerSocketChannelImpl.netBind(ServerSocketChannelImpl.java:344)
		at java.base/sun.nio.ch.ServerSocketChannelImpl.bind(ServerSocketChannelImpl.java:301)
		at org.apache.tomcat.util.net.NioEndpoint.initServerSocket(NioEndpoint.java:268)
		at org.apache.tomcat.util.net.NioEndpoint.bind(NioEndpoint.java:223)
		at org.apache.tomcat.util.net.AbstractEndpoint.bindWithCleanup(AbstractEndpoint.java:1373)
		at org.apache.tomcat.util.net.AbstractEndpoint.init(AbstractEndpoint.java:1386)
		at org.apache.coyote.AbstractProtocol.init(AbstractProtocol.java:663)
		at org.apache.coyote.http11.AbstractHttp11Protocol.init(AbstractHttp11Protocol.java:80)
		at org.apache.catalina.connector.Connector.initInternal(Connector.java:1025)
		... 11 more
22-Jan-2025 17:24:17.913 INFO [main] org.apache.catalina.startup.Catalina.load Server initialization in [5192] milliseconds
22-Jan-2025 17:24:18.118 INFO [main] org.apache.catalina.core.StandardService.startInternal Starting service [Catalina]
22-Jan-2025 17:24:18.119 INFO [main] org.apache.catalina.core.StandardEngine.startInternal Starting Servlet engine: [Apache Tomcat/9.0.98]
22-Jan-2025 17:24:18.182 INFO [main] org.apache.catalina.startup.HostConfig.deployDirectory Deploying web application directory [A:\Github\BlueScope_Training\Task5\apache-tomcat-9.0.98\webapps\docs]
22-Jan-2025 17:24:20.083 INFO [main] org.apache.catalina.startup.HostConfig.deployDirectory Deployment of web application directory [A:\Github\BlueScope_Training\Task5\apache-tomcat-9.0.98\webapps\docs] has finished in [1,899] ms
22-Jan-2025 17:24:20.085 INFO [main] org.apache.catalina.startup.HostConfig.deployDirectory Deploying web application directory [A:\Github\BlueScope_Training\Task5\apache-tomcat-9.0.98\webapps\examples]
22-Jan-2025 17:24:24.327 INFO [main] org.apache.catalina.startup.HostConfig.deployDirectory Deployment of web application directory [A:\Github\BlueScope_Training\Task5\apache-tomcat-9.0.98\webapps\examples] has finished in [4,241] ms
22-Jan-2025 17:24:24.332 INFO [main] org.apache.catalina.startup.HostConfig.deployDirectory Deploying web application directory [A:\Github\BlueScope_Training\Task5\apache-tomcat-9.0.98\webapps\host-manager]
22-Jan-2025 17:24:24.669 INFO [main] org.apache.catalina.startup.HostConfig.deployDirectory Deployment of web application directory [A:\Github\BlueScope_Training\Task5\apache-tomcat-9.0.98\webapps\host-manager] has finished in [336] ms
22-Jan-2025 17:24:24.673 INFO [main] org.apache.catalina.startup.HostConfig.deployDirectory Deploying web application directory [A:\Github\BlueScope_Training\Task5\apache-tomcat-9.0.98\webapps\manager]
22-Jan-2025 17:24:25.490 INFO [main] org.apache.catalina.startup.HostConfig.deployDirectory Deployment of web application directory [A:\Github\BlueScope_Training\Task5\apache-tomcat-9.0.98\webapps\manager] has finished in [817] ms
22-Jan-2025 17:24:25.493 INFO [main] org.apache.catalina.startup.HostConfig.deployDirectory Deploying web application directory [A:\Github\BlueScope_Training\Task5\apache-tomcat-9.0.98\webapps\ROOT]
22-Jan-2025 17:24:25.602 INFO [main] org.apache.catalina.startup.HostConfig.deployDirectory Deployment of web application directory [A:\Github\BlueScope_Training\Task5\apache-tomcat-9.0.98\webapps\ROOT] has finished in [108] ms
22-Jan-2025 17:24:25.619 INFO [Thread-1] org.apache.coyote.AbstractProtocol.pause Pausing ProtocolHandler ["http-nio-8080"]
22-Jan-2025 17:24:25.620 INFO [Thread-1] org.apache.catalina.core.StandardService.stopInternal Stopping service [Catalina]
22-Jan-2025 17:24:25.620 INFO [main] org.apache.catalina.startup.Catalina.start Server startup in [7699] milliseconds
22-Jan-2025 17:24:25.703 INFO [Thread-1] org.apache.coyote.AbstractProtocol.stop Stopping ProtocolHandler ["http-nio-8080"]
22-Jan-2025 17:24:25.747 INFO [Thread-1] org.apache.coyote.AbstractProtocol.destroy Destroying ProtocolHandler ["http-nio-8080"]
