[2025-01-22 11:20:41] [info]  [13580] Apache Commons Daemon procrun (1.4.0.0 64-bit) started.
[2025-01-22 11:20:41] [info]  [13580] Running Service 'Tomcat9'...
[2025-01-22 11:20:41] [info]  [13120] Starting service...
[2025-01-22 11:20:43] [info]  [13120] Service started in 2023 milliseconds.
[2025-01-22 11:22:10] [info]  [13580] Service SERVICE_CONTROL_STOP signalled.
[2025-01-22 11:22:10] [info]  [ 1096] Stopping service...
[2025-01-22 11:22:11] [info]  [ 1096] Service stop thread completed.
[2025-01-22 11:22:11] [info]  [13580] Run service finished.
[2025-01-22 11:22:11] [info]  [13580] Apache Commons Daemon procrun finished.
[2025-01-22 11:34:19] [info]  [10552] Apache Commons Daemon procrun (1.4.0.0 64-bit) started.
[2025-01-22 11:34:19] [info]  [10552] Running Service 'Tomcat9'...
[2025-01-22 11:34:19] [info]  [11764] Starting service...
[2025-01-22 11:34:21] [info]  [11764] Service started in 1922 milliseconds.
[2025-01-22 12:41:02] [info]  [10552] Service SERVICE_CONTROL_STOP signalled.
[2025-01-22 12:41:04] [info]  [ 2516] Stopping service...
[2025-01-22 12:41:09] [info]  [ 2516] Service stop thread completed.
[2025-01-22 12:41:12] [info]  [10552] Run service finished.
[2025-01-22 12:41:12] [info]  [10552] Apache Commons Daemon procrun finished.
[2025-01-22 12:48:03] [info]  [ 5320] Apache Commons Daemon procrun (1.4.0.0 64-bit) started.
[2025-01-22 12:48:03] [info]  [ 5320] Running Service 'Tomcat9'...
[2025-01-22 12:48:03] [info]  [  724] Starting service...
[2025-01-22 12:48:05] [info]  [  724] Service started in 2058 milliseconds.
[2025-01-22 13:02:32] [info]  [ 5320] Service SERVICE_CONTROL_STOP signalled.
[2025-01-22 13:02:32] [info]  [15112] Stopping service...
[2025-01-22 13:02:33] [info]  [15112] Service stop thread completed.
[2025-01-22 13:02:33] [info]  [ 5320] Run service finished.
[2025-01-22 13:02:33] [info]  [ 5320] Apache Commons Daemon procrun finished.
[2025-01-22 13:20:05] [info]  [14884] Apache Commons Daemon procrun (1.4.0.0 64-bit) started.
[2025-01-22 13:20:06] [info]  [14884] Running Service 'Tomcat9'...
[2025-01-22 13:20:06] [info]  [11468] Starting service...
[2025-01-22 13:20:09] [info]  [11468] Service started in 3333 milliseconds.
[2025-01-22 13:41:00] [info]  [14884] Service SERVICE_CONTROL_STOP signalled.
[2025-01-22 13:41:00] [info]  [13192] Stopping service...
[2025-01-22 13:41:01] [info]  [13192] Service stop thread completed.
[2025-01-22 13:41:01] [info]  [14884] Run service finished.
[2025-01-22 13:41:01] [info]  [14884] Apache Commons Daemon procrun finished.
[2025-01-22 14:53:09] [info]  [ 4720] Apache Commons Daemon procrun (1.4.0.0 64-bit) started.
[2025-01-22 14:53:09] [info]  [ 4720] Running Service 'Tomcat9'...
[2025-01-22 14:53:09] [info]  [ 2748] Starting service...
[2025-01-22 14:53:11] [info]  [ 2748] Service started in 2219 milliseconds.
[2025-01-22 15:57:33] [info]  [ 4720] Service SERVICE_CONTROL_STOP signalled.
[2025-01-22 15:57:33] [info]  [ 4388] Stopping service...
[2025-01-22 15:57:34] [info]  [ 4388] Service stop thread completed.
[2025-01-22 15:57:34] [info]  [ 4720] Run service finished.
[2025-01-22 15:57:34] [info]  [ 4720] Apache Commons Daemon procrun finished.
[2025-01-22 17:08:28] [info]  [ 4488] Apache Commons Daemon procrun (1.4.0.0 64-bit) started.
[2025-01-22 17:08:28] [info]  [ 4488] Running Service 'Tomcat9'...
[2025-01-22 17:08:28] [info]  [ 2528] Starting service...
[2025-01-22 17:08:29] [info]  [ 2528] Service started in 1547 milliseconds.
[2025-01-22 17:08:51] [info]  [ 4488] Service SERVICE_CONTROL_STOP signalled.
[2025-01-22 17:08:51] [info]  [ 6720] Stopping service...
[2025-01-22 17:08:52] [info]  [ 6720] Service stop thread completed.
[2025-01-22 17:08:52] [info]  [ 4488] Run service finished.
[2025-01-22 17:08:52] [info]  [ 4488] Apache Commons Daemon procrun finished.
[2025-01-22 17:24:11] [info]  [ 6500] Apache Commons Daemon procrun (1.4.0.0 64-bit) started.
[2025-01-22 17:24:11] [info]  [ 6500] Running Service 'Tomcat9'...
[2025-01-22 17:24:11] [info]  [10976] Starting service...
[2025-01-22 17:24:13] [info]  [10976] Service started in 1529 milliseconds.
[2025-01-22 17:24:20] [info]  [ 6500] Service SERVICE_CONTROL_STOP signalled.
[2025-01-22 17:24:20] [info]  [12424] Stopping service...
[2025-01-22 17:24:25] [info]  [12424] Service stop thread completed.
[2025-01-22 17:24:26] [info]  [ 6500] Run service finished.
[2025-01-22 17:24:26] [info]  [ 6500] Apache Commons Daemon procrun finished.
