22-Jan-2025 11:21:10.556 INFO [main] org.apache.catalina.core.ApplicationContext.log ContextListener: contextInitialized()
22-Jan-2025 11:21:10.556 INFO [main] org.apache.catalina.core.ApplicationContext.log SessionListener: contextInitialized()
22-Jan-2025 11:21:10.567 INFO [main] org.apache.catalina.core.ApplicationContext.log ContextListener: attributeAdded('StockTicker', 'async.Stockticker@6b5966e1')
22-Jan-2025 11:22:10.764 INFO [Thread-2] org.apache.catalina.core.ApplicationContext.log SessionListener: contextDestroyed()
22-Jan-2025 11:22:10.765 INFO [Thread-2] org.apache.catalina.core.ApplicationContext.log ContextListener: contextDestroyed()
22-Jan-2025 11:34:38.663 INFO [main] org.apache.catalina.core.ApplicationContext.log ContextListener: contextInitialized()
22-Jan-2025 11:34:38.665 INFO [main] org.apache.catalina.core.ApplicationContext.log SessionListener: contextInitialized()
22-Jan-2025 11:34:38.675 INFO [main] org.apache.catalina.core.ApplicationContext.log ContextListener: attributeAdded('StockTicker', 'async.Stockticker@65e61854')
22-Jan-2025 12:41:06.652 INFO [Thread-2] org.apache.catalina.core.ApplicationContext.log SessionListener: contextDestroyed()
22-Jan-2025 12:41:06.654 INFO [Thread-2] org.apache.catalina.core.ApplicationContext.log ContextListener: contextDestroyed()
22-Jan-2025 12:48:39.674 INFO [main] org.apache.catalina.core.ApplicationContext.log ContextListener: contextInitialized()
22-Jan-2025 12:48:39.674 INFO [main] org.apache.catalina.core.ApplicationContext.log SessionListener: contextInitialized()
22-Jan-2025 12:48:39.813 INFO [main] org.apache.catalina.core.ApplicationContext.log ContextListener: attributeAdded('StockTicker', 'async.Stockticker@2d10e0b1')
22-Jan-2025 13:02:32.269 INFO [Thread-2] org.apache.catalina.core.ApplicationContext.log SessionListener: contextDestroyed()
22-Jan-2025 13:02:32.271 INFO [Thread-2] org.apache.catalina.core.ApplicationContext.log ContextListener: contextDestroyed()
22-Jan-2025 13:20:41.839 INFO [main] org.apache.catalina.core.ApplicationContext.log ContextListener: contextInitialized()
22-Jan-2025 13:20:41.846 INFO [main] org.apache.catalina.core.ApplicationContext.log SessionListener: contextInitialized()
22-Jan-2025 13:20:41.854 INFO [main] org.apache.catalina.core.ApplicationContext.log ContextListener: attributeAdded('StockTicker', 'async.Stockticker@60fa3495')
22-Jan-2025 13:41:00.448 INFO [Thread-2] org.apache.catalina.core.ApplicationContext.log SessionListener: contextDestroyed()
22-Jan-2025 13:41:00.448 INFO [Thread-2] org.apache.catalina.core.ApplicationContext.log ContextListener: contextDestroyed()
22-Jan-2025 14:53:26.521 INFO [main] org.apache.catalina.core.ApplicationContext.log ContextListener: contextInitialized()
22-Jan-2025 14:53:26.521 INFO [main] org.apache.catalina.core.ApplicationContext.log SessionListener: contextInitialized()
22-Jan-2025 14:53:26.530 INFO [main] org.apache.catalina.core.ApplicationContext.log ContextListener: attributeAdded('StockTicker', 'async.Stockticker@495083a0')
22-Jan-2025 15:57:33.786 INFO [Thread-2] org.apache.catalina.core.ApplicationContext.log SessionListener: contextDestroyed()
22-Jan-2025 15:57:33.786 INFO [Thread-2] org.apache.catalina.core.ApplicationContext.log ContextListener: contextDestroyed()
22-Jan-2025 17:08:40.453 INFO [main] org.apache.catalina.core.ApplicationContext.log ContextListener: contextInitialized()
22-Jan-2025 17:08:40.453 INFO [main] org.apache.catalina.core.ApplicationContext.log SessionListener: contextInitialized()
22-Jan-2025 17:08:40.465 INFO [main] org.apache.catalina.core.ApplicationContext.log ContextListener: attributeAdded('StockTicker', 'async.Stockticker@6c345c5f')
22-Jan-2025 17:08:51.114 INFO [Thread-2] org.apache.catalina.core.ApplicationContext.log SessionListener: contextDestroyed()
22-Jan-2025 17:08:51.114 INFO [Thread-2] org.apache.catalina.core.ApplicationContext.log ContextListener: contextDestroyed()
22-Jan-2025 17:24:24.218 INFO [main] org.apache.catalina.core.ApplicationContext.log ContextListener: contextInitialized()
22-Jan-2025 17:24:24.222 INFO [main] org.apache.catalina.core.ApplicationContext.log SessionListener: contextInitialized()
22-Jan-2025 17:24:24.233 INFO [main] org.apache.catalina.core.ApplicationContext.log ContextListener: attributeAdded('StockTicker', 'async.Stockticker@191ae03f')
22-Jan-2025 17:24:25.652 INFO [Thread-1] org.apache.catalina.core.ApplicationContext.log SessionListener: contextDestroyed()
22-Jan-2025 17:24:25.652 INFO [Thread-1] org.apache.catalina.core.ApplicationContext.log ContextListener: contextDestroyed()
